<?xml version="1.0" encoding="UTF-8"?>
<testsuite xmlns:xsi="http://www.w3.org/2001/XMLSchema-instance" xsi:noNamespaceSchemaLocation="https://maven.apache.org/surefire/maven-surefire-plugin/xsd/surefire-test-report.xsd" version="3.0.2" name="com.example.demo.UsercourseApplicationTests" time="1.199" tests="1" errors="0" skipped="0" failures="0">
  <properties>
[...]
</properties>
  <testcase name="contextLoads" classname="com.example.demo.UsercourseApplicationTests" time="0.333">
    <system-out><![CDATA[Standard Commons Logging discovery in action with spring-jcl: please remove commons-logging.jar from classpath in order to avoid potential conflicts
13:02:00.215 [main] INFO org.springframework.test.context.support.AnnotationConfigContextLoaderUtils -- Could not detect default configuration classes for test class [com.example.demo.UsercourseApplicationTests]: UsercourseApplicationTests does not declare any static, non-private, non-final, nested classes annotated with @Configuration.
13:02:00.258 [main] INFO org.springframework.boot.test.context.SpringBootTestContextBootstrapper -- Found @SpringBootConfiguration com.example.demo.UsercourseApplication for test class com.example.demo.UsercourseApplicationTests

  .   ____          _            __ _ _
 /\\ / ___'_ __ _ _(_)_ __  __ _ \ \ \ \
( ( )\___ | '_ | '_| | '_ \/ _` | \ \ \ \
 \\/  ___)| |_)| | | | | || (_| |  ) ) ) )
  '  |____| .__|_| |_|_| |_\__, | / / / /
 =========|_|==============|___/=/_/_/_/

 :: Spring Boot ::                (v3.4.1)

2024-12-29T13:02:00.399-08:00  INFO 68609 --- [usercourse] [           main] c.e.demo.UsercourseApplicationTests      : Starting UsercourseApplicationTests using Java 17.0.13 with PID 68609 (started by vignakodali in /Users/vignakodali/Downloads/demo)
2024-12-29T13:02:00.400-08:00  INFO 68609 --- [usercourse] [           main] c.e.demo.UsercourseApplicationTests      : No active profile set, falling back to 1 default profile: "default"
2024-12-29T13:02:01.006-08:00  INFO 68609 --- [usercourse] [           main] c.e.demo.UsercourseApplicationTests      : Started UsercourseApplicationTests in 0.702 seconds (process running for 1.047)
]]></system-out>
  </testcase>
</testsuite>